<?xml version="1.0" encoding="UTF-8"?>
<testsuite xmlns:xsi="http://www.w3.org/2001/XMLSchema-instance" xsi:noNamespaceSchemaLocation="https://maven.apache.org/surefire/maven-surefire-plugin/xsd/surefire-test-report.xsd" name="CameraHandlerTest" time="0.094" tests="5" errors="0" skipped="0" failures="0">
  <properties>
    <property name="sun.desktop" value="windows"/>
    <property name="awt.toolkit" value="sun.awt.windows.WToolkit"/>
    <property name="file.encoding.pkg" value="sun.io"/>
    <property name="java.specification.version" value="1.8"/>
    <property name="sun.cpu.isalist" value="amd64"/>
    <property name="sun.jnu.encoding" value="Cp1252"/>
    <property name="java.class.path" value="C:\Users\Egel\Documents\Repositories\Trackscape\target\test-classes;C:\Users\Egel\Documents\Repositories\Trackscape\target\classes;C:\Users\Egel\.m2\repository\org\junit\jupiter\junit-jupiter-api\5.2.0\junit-jupiter-api-5.2.0.jar;C:\Users\Egel\.m2\repository\org\apiguardian\apiguardian-api\1.0.0\apiguardian-api-1.0.0.jar;C:\Users\Egel\.m2\repository\org\opentest4j\opentest4j\1.1.0\opentest4j-1.1.0.jar;C:\Users\Egel\.m2\repository\org\junit\platform\junit-platform-commons\1.2.0\junit-platform-commons-1.2.0.jar;C:\Users\Egel\.m2\repository\org\openpnp\opencv\3.2.0-1\opencv-3.2.0-1.jar;C:\Users\Egel\.m2\repository\nu\pattern\opencv\2.4.9-7\opencv-2.4.9-7.jar;C:\Users\Egel\.m2\repository\com\data-artisans\flink-training-exercises\0.13.0\flink-training-exercises-0.13.0.jar;C:\Users\Egel\.m2\repository\org\apache\flink\flink-java\1.3.2\flink-java-1.3.2.jar;C:\Users\Egel\.m2\repository\org\apache\flink\flink-core\1.3.2\flink-core-1.3.2.jar;C:\Users\Egel\.m2\repository\org\apache\flink\flink-annotations\1.3.2\flink-annotations-1.3.2.jar;C:\Users\Egel\.m2\repository\org\apache\flink\flink-metrics-core\1.3.2\flink-metrics-core-1.3.2.jar;C:\Users\Egel\.m2\repository\com\esotericsoftware\kryo\kryo\2.24.0\kryo-2.24.0.jar;C:\Users\Egel\.m2\repository\com\esotericsoftware\minlog\minlog\1.2\minlog-1.2.jar;C:\Users\Egel\.m2\repository\org\objenesis\objenesis\2.1\objenesis-2.1.jar;C:\Users\Egel\.m2\repository\commons-collections\commons-collections\3.2.2\commons-collections-3.2.2.jar;C:\Users\Egel\.m2\repository\org\apache\commons\commons-compress\1.4.1\commons-compress-1.4.1.jar;C:\Users\Egel\.m2\repository\org\apache\avro\avro\1.7.7\avro-1.7.7.jar;C:\Users\Egel\.m2\repository\com\thoughtworks\paranamer\paranamer\2.3\paranamer-2.3.jar;C:\Users\Egel\.m2\repository\org\xerial\snappy\snappy-java\1.0.5\snappy-java-1.0.5.jar;C:\Users\Egel\.m2\repository\org\apache\flink\flink-shaded-hadoop2\1.3.2\flink-shaded-hadoop2-1.3.2.jar;C:\Users\Egel\.m2\repository\org\tukaani\xz\1.0\xz-1.0.jar;C:\Users\Egel\.m2\repository\commons-cli\commons-cli\1.3.1\commons-cli-1.3.1.jar;C:\Users\Egel\.m2\repository\xmlenc\xmlenc\0.52\xmlenc-0.52.jar;C:\Users\Egel\.m2\repository\commons-codec\commons-codec\1.4\commons-codec-1.4.jar;C:\Users\Egel\.m2\repository\commons-io\commons-io\2.4\commons-io-2.4.jar;C:\Users\Egel\.m2\repository\commons-net\commons-net\3.1\commons-net-3.1.jar;C:\Users\Egel\.m2\repository\javax\servlet\servlet-api\2.5\servlet-api-2.5.jar;C:\Users\Egel\.m2\repository\org\mortbay\jetty\jetty-util\6.1.26\jetty-util-6.1.26.jar;C:\Users\Egel\.m2\repository\com\sun\jersey\jersey-core\1.9\jersey-core-1.9.jar;C:\Users\Egel\.m2\repository\commons-el\commons-el\1.0\commons-el-1.0.jar;C:\Users\Egel\.m2\repository\commons-logging\commons-logging\1.1.3\commons-logging-1.1.3.jar;C:\Users\Egel\.m2\repository\com\jamesmurty\utils\java-xmlbuilder\0.4\java-xmlbuilder-0.4.jar;C:\Users\Egel\.m2\repository\commons-lang\commons-lang\2.6\commons-lang-2.6.jar;C:\Users\Egel\.m2\repository\commons-configuration\commons-configuration\1.7\commons-configuration-1.7.jar;C:\Users\Egel\.m2\repository\commons-digester\commons-digester\1.8.1\commons-digester-1.8.1.jar;C:\Users\Egel\.m2\repository\org\codehaus\jackson\jackson-core-asl\1.8.8\jackson-core-asl-1.8.8.jar;C:\Users\Egel\.m2\repository\org\codehaus\jackson\jackson-mapper-asl\1.8.8\jackson-mapper-asl-1.8.8.jar;C:\Users\Egel\.m2\repository\com\jcraft\jsch\0.1.42\jsch-0.1.42.jar;C:\Users\Egel\.m2\repository\commons-beanutils\commons-beanutils-bean-collections\1.8.3\commons-beanutils-bean-collections-1.8.3.jar;C:\Users\Egel\.m2\repository\commons-daemon\commons-daemon\1.0.13\commons-daemon-1.0.13.jar;C:\Users\Egel\.m2\repository\javax\xml\bind\jaxb-api\2.2.2\jaxb-api-2.2.2.jar;C:\Users\Egel\.m2\repository\javax\xml\stream\stax-api\1.0-2\stax-api-1.0-2.jar;C:\Users\Egel\.m2\repository\javax\activation\activation\1.1\activation-1.1.jar;C:\Users\Egel\.m2\repository\org\apache\commons\commons-lang3\3.3.2\commons-lang3-3.3.2.jar;C:\Users\Egel\.m2\repository\org\slf4j\slf4j-api\1.7.7\slf4j-api-1.7.7.jar;C:\Users\Egel\.m2\repository\com\google\code\findbugs\jsr305\1.3.9\jsr305-1.3.9.jar;C:\Users\Egel\.m2\repository\org\apache\flink\force-shading\1.3.2\force-shading-1.3.2.jar;C:\Users\Egel\.m2\repository\org\apache\flink\flink-scala_2.10\1.3.2\flink-scala_2.10-1.3.2.jar;C:\Users\Egel\.m2\repository\org\scala-lang\scala-reflect\2.10.4\scala-reflect-2.10.4.jar;C:\Users\Egel\.m2\repository\org\scala-lang\scala-library\2.10.4\scala-library-2.10.4.jar;C:\Users\Egel\.m2\repository\org\scala-lang\scala-compiler\2.10.4\scala-compiler-2.10.4.jar;C:\Users\Egel\.m2\repository\org\scalamacros\quasiquotes_2.10\2.0.1\quasiquotes_2.10-2.0.1.jar;C:\Users\Egel\.m2\repository\org\apache\flink\flink-streaming-java_2.10\1.3.2\flink-streaming-java_2.10-1.3.2.jar;C:\Users\Egel\.m2\repository\org\apache\flink\flink-runtime_2.10\1.3.2\flink-runtime_2.10-1.3.2.jar;C:\Users\Egel\.m2\repository\io\netty\netty-all\4.0.27.Final\netty-all-4.0.27.Final.jar;C:\Users\Egel\.m2\repository\org\javassist\javassist\3.18.2-GA\javassist-3.18.2-GA.jar;C:\Users\Egel\.m2\repository\com\data-artisans\flakka-actor_2.10\2.3-custom\flakka-actor_2.10-2.3-custom.jar;C:\Users\Egel\.m2\repository\com\typesafe\config\1.2.1\config-1.2.1.jar;C:\Users\Egel\.m2\repository\com\data-artisans\flakka-remote_2.10\2.3-custom\flakka-remote_2.10-2.3-custom.jar;C:\Users\Egel\.m2\repository\com\google\protobuf\protobuf-java\2.5.0\protobuf-java-2.5.0.jar;C:\Users\Egel\.m2\repository\org\uncommons\maths\uncommons-maths\1.2.2a\uncommons-maths-1.2.2a.jar;C:\Users\Egel\.m2\repository\com\data-artisans\flakka-slf4j_2.10\2.3-custom\flakka-slf4j_2.10-2.3-custom.jar;C:\Users\Egel\.m2\repository\org\clapper\grizzled-slf4j_2.10\1.0.2\grizzled-slf4j_2.10-1.0.2.jar;C:\Users\Egel\.m2\repository\com\github\scopt\scopt_2.10\3.5.0\scopt_2.10-3.5.0.jar;C:\Users\Egel\.m2\repository\com\fasterxml\jackson\core\jackson-core\2.7.4\jackson-core-2.7.4.jar;C:\Users\Egel\.m2\repository\com\fasterxml\jackson\core\jackson-databind\2.7.4\jackson-databind-2.7.4.jar;C:\Users\Egel\.m2\repository\com\fasterxml\jackson\core\jackson-annotations\2.7.0\jackson-annotations-2.7.0.jar;C:\Users\Egel\.m2\repository\org\apache\zookeeper\zookeeper\3.4.6\zookeeper-3.4.6.jar;C:\Users\Egel\.m2\repository\jline\jline\0.9.94\jline-0.9.94.jar;C:\Users\Egel\.m2\repository\junit\junit\3.8.1\junit-3.8.1.jar;C:\Users\Egel\.m2\repository\com\twitter\chill_2.10\0.7.4\chill_2.10-0.7.4.jar;C:\Users\Egel\.m2\repository\com\twitter\chill-java\0.7.4\chill-java-0.7.4.jar;C:\Users\Egel\.m2\repository\org\apache\flink\flink-clients_2.10\1.3.2\flink-clients_2.10-1.3.2.jar;C:\Users\Egel\.m2\repository\org\apache\flink\flink-optimizer_2.10\1.3.2\flink-optimizer_2.10-1.3.2.jar;C:\Users\Egel\.m2\repository\org\apache\sling\org.apache.sling.commons.json\2.0.6\org.apache.sling.commons.json-2.0.6.jar;C:\Users\Egel\.m2\repository\org\apache\flink\flink-streaming-scala_2.10\1.3.2\flink-streaming-scala_2.10-1.3.2.jar;C:\Users\Egel\.m2\repository\org\apache\flink\flink-cep_2.10\1.3.2\flink-cep_2.10-1.3.2.jar;C:\Users\Egel\.m2\repository\org\apache\flink\flink-cep-scala_2.10\1.3.2\flink-cep-scala_2.10-1.3.2.jar;C:\Users\Egel\.m2\repository\org\apache\flink\flink-gelly_2.10\1.3.2\flink-gelly_2.10-1.3.2.jar;C:\Users\Egel\.m2\repository\org\apache\flink\flink-table_2.10\1.3.2\flink-table_2.10-1.3.2.jar;C:\Users\Egel\.m2\repository\org\apache\flink\flink-gelly-scala_2.10\1.3.2\flink-gelly-scala_2.10-1.3.2.jar;C:\Users\Egel\.m2\repository\org\apache\flink\flink-gelly-examples_2.10\1.3.2\flink-gelly-examples_2.10-1.3.2.jar;C:\Users\Egel\.m2\repository\org\slf4j\slf4j-log4j12\1.7.7\slf4j-log4j12-1.7.7.jar;C:\Users\Egel\.m2\repository\log4j\log4j\1.2.17\log4j-1.2.17.jar;C:\Users\Egel\.m2\repository\org\apache\flink\flink-connector-kafka-0.10_2.10\1.3.2\flink-connector-kafka-0.10_2.10-1.3.2.jar;C:\Users\Egel\.m2\repository\org\apache\flink\flink-connector-kafka-0.9_2.10\1.3.2\flink-connector-kafka-0.9_2.10-1.3.2.jar;C:\Users\Egel\.m2\repository\org\apache\flink\flink-connector-kafka-base_2.10\1.3.2\flink-connector-kafka-base_2.10-1.3.2.jar;C:\Users\Egel\.m2\repository\org\apache\kafka\kafka-clients\0.10.2.1\kafka-clients-0.10.2.1.jar;C:\Users\Egel\.m2\repository\net\jpountz\lz4\lz4\1.3.0\lz4-1.3.0.jar;C:\Users\Egel\.m2\repository\org\apache\flink\flink-connector-elasticsearch2_2.10\1.3.2\flink-connector-elasticsearch2_2.10-1.3.2.jar;C:\Users\Egel\.m2\repository\org\apache\flink\flink-connector-elasticsearch-base_2.10\1.3.2\flink-connector-elasticsearch-base_2.10-1.3.2.jar;C:\Users\Egel\.m2\repository\org\elasticsearch\elasticsearch\2.3.5\elasticsearch-2.3.5.jar;C:\Users\Egel\.m2\repository\org\apache\lucene\lucene-core\5.5.0\lucene-core-5.5.0.jar;C:\Users\Egel\.m2\repository\org\apache\lucene\lucene-backward-codecs\5.5.0\lucene-backward-codecs-5.5.0.jar;C:\Users\Egel\.m2\repository\org\apache\lucene\lucene-analyzers-common\5.5.0\lucene-analyzers-common-5.5.0.jar;C:\Users\Egel\.m2\repository\org\apache\lucene\lucene-queries\5.5.0\lucene-queries-5.5.0.jar;C:\Users\Egel\.m2\repository\org\apache\lucene\lucene-memory\5.5.0\lucene-memory-5.5.0.jar;C:\Users\Egel\.m2\repository\org\apache\lucene\lucene-highlighter\5.5.0\lucene-highlighter-5.5.0.jar;C:\Users\Egel\.m2\repository\org\apache\lucene\lucene-queryparser\5.5.0\lucene-queryparser-5.5.0.jar;C:\Users\Egel\.m2\repository\org\apache\lucene\lucene-sandbox\5.5.0\lucene-sandbox-5.5.0.jar;C:\Users\Egel\.m2\repository\org\apache\lucene\lucene-suggest\5.5.0\lucene-suggest-5.5.0.jar;C:\Users\Egel\.m2\repository\org\apache\lucene\lucene-misc\5.5.0\lucene-misc-5.5.0.jar;C:\Users\Egel\.m2\repository\org\apache\lucene\lucene-join\5.5.0\lucene-join-5.5.0.jar;C:\Users\Egel\.m2\repository\org\apache\lucene\lucene-grouping\5.5.0\lucene-grouping-5.5.0.jar;C:\Users\Egel\.m2\repository\org\apache\lucene\lucene-spatial\5.5.0\lucene-spatial-5.5.0.jar;C:\Users\Egel\.m2\repository\org\apache\lucene\lucene-spatial3d\5.5.0\lucene-spatial3d-5.5.0.jar;C:\Users\Egel\.m2\repository\com\spatial4j\spatial4j\0.5\spatial4j-0.5.jar;C:\Users\Egel\.m2\repository\org\elasticsearch\securesm\1.0\securesm-1.0.jar;C:\Users\Egel\.m2\repository\com\carrotsearch\hppc\0.7.1\hppc-0.7.1.jar;C:\Users\Egel\.m2\repository\org\joda\joda-convert\1.2\joda-convert-1.2.jar;C:\Users\Egel\.m2\repository\com\fasterxml\jackson\dataformat\jackson-dataformat-smile\2.6.6\jackson-dataformat-smile-2.6.6.jar;C:\Users\Egel\.m2\repository\com\fasterxml\jackson\dataformat\jackson-dataformat-yaml\2.6.6\jackson-dataformat-yaml-2.6.6.jar;C:\Users\Egel\.m2\repository\org\yaml\snakeyaml\1.15\snakeyaml-1.15.jar;C:\Users\Egel\.m2\repository\com\fasterxml\jackson\dataformat\jackson-dataformat-cbor\2.6.6\jackson-dataformat-cbor-2.6.6.jar;C:\Users\Egel\.m2\repository\io\netty\netty\3.10.5.Final\netty-3.10.5.Final.jar;C:\Users\Egel\.m2\repository\com\ning\compress-lzf\1.0.2\compress-lzf-1.0.2.jar;C:\Users\Egel\.m2\repository\com\tdunning\t-digest\3.0\t-digest-3.0.jar;C:\Users\Egel\.m2\repository\org\hdrhistogram\HdrHistogram\2.1.6\HdrHistogram-2.1.6.jar;C:\Users\Egel\.m2\repository\com\twitter\jsr166e\1.1.0\jsr166e-1.1.0.jar;C:\Users\Egel\.m2\repository\joda-time\joda-time\2.7\joda-time-2.7.jar;C:\Users\Egel\.m2\repository\org\apache\commons\commons-math3\3.5\commons-math3-3.5.jar;C:\Users\Egel\.m2\repository\org\influxdb\influxdb-java\2.3\influxdb-java-2.3.jar;C:\Users\Egel\.m2\repository\com\google\guava\guava\19.0\guava-19.0.jar;C:\Users\Egel\.m2\repository\com\squareup\retrofit\retrofit\1.9.0\retrofit-1.9.0.jar;C:\Users\Egel\.m2\repository\com\google\code\gson\gson\2.3.1\gson-2.3.1.jar;C:\Users\Egel\.m2\repository\com\squareup\okhttp\okhttp\2.7.5\okhttp-2.7.5.jar;C:\Users\Egel\.m2\repository\com\squareup\okio\okio\1.6.0\okio-1.6.0.jar;"/>
    <property name="java.vm.vendor" value="Oracle Corporation"/>
    <property name="sun.arch.data.model" value="64"/>
    <property name="user.variant" value=""/>
    <property name="java.vendor.url" value="http://java.oracle.com/"/>
    <property name="user.timezone" value=""/>
    <property name="java.vm.specification.version" value="1.8"/>
    <property name="os.name" value="Windows 10"/>
    <property name="user.country" value="NL"/>
    <property name="sun.java.launcher" value="SUN_STANDARD"/>
    <property name="sun.boot.library.path" value="C:\Program Files\Java\jdk1.8.0_171\jre\bin"/>
    <property name="sun.java.command" value="C:\Users\Egel\AppData\Local\Temp\surefire2139944282732065557\surefirebooter511998906459211430.jar C:\Users\Egel\AppData\Local\Temp\surefire2139944282732065557 2018-05-22T13-07-01_536-jvmRun1 surefire1095408580849159517tmp surefire_07297753471638049953tmp"/>
    <property name="surefire.test.class.path" value="C:\Users\Egel\Documents\Repositories\Trackscape\target\test-classes;C:\Users\Egel\Documents\Repositories\Trackscape\target\classes;C:\Users\Egel\.m2\repository\org\junit\jupiter\junit-jupiter-api\5.2.0\junit-jupiter-api-5.2.0.jar;C:\Users\Egel\.m2\repository\org\apiguardian\apiguardian-api\1.0.0\apiguardian-api-1.0.0.jar;C:\Users\Egel\.m2\repository\org\opentest4j\opentest4j\1.1.0\opentest4j-1.1.0.jar;C:\Users\Egel\.m2\repository\org\junit\platform\junit-platform-commons\1.2.0\junit-platform-commons-1.2.0.jar;C:\Users\Egel\.m2\repository\org\openpnp\opencv\3.2.0-1\opencv-3.2.0-1.jar;C:\Users\Egel\.m2\repository\nu\pattern\opencv\2.4.9-7\opencv-2.4.9-7.jar;C:\Users\Egel\.m2\repository\com\data-artisans\flink-training-exercises\0.13.0\flink-training-exercises-0.13.0.jar;C:\Users\Egel\.m2\repository\org\apache\flink\flink-java\1.3.2\flink-java-1.3.2.jar;C:\Users\Egel\.m2\repository\org\apache\flink\flink-core\1.3.2\flink-core-1.3.2.jar;C:\Users\Egel\.m2\repository\org\apache\flink\flink-annotations\1.3.2\flink-annotations-1.3.2.jar;C:\Users\Egel\.m2\repository\org\apache\flink\flink-metrics-core\1.3.2\flink-metrics-core-1.3.2.jar;C:\Users\Egel\.m2\repository\com\esotericsoftware\kryo\kryo\2.24.0\kryo-2.24.0.jar;C:\Users\Egel\.m2\repository\com\esotericsoftware\minlog\minlog\1.2\minlog-1.2.jar;C:\Users\Egel\.m2\repository\org\objenesis\objenesis\2.1\objenesis-2.1.jar;C:\Users\Egel\.m2\repository\commons-collections\commons-collections\3.2.2\commons-collections-3.2.2.jar;C:\Users\Egel\.m2\repository\org\apache\commons\commons-compress\1.4.1\commons-compress-1.4.1.jar;C:\Users\Egel\.m2\repository\org\apache\avro\avro\1.7.7\avro-1.7.7.jar;C:\Users\Egel\.m2\repository\com\thoughtworks\paranamer\paranamer\2.3\paranamer-2.3.jar;C:\Users\Egel\.m2\repository\org\xerial\snappy\snappy-java\1.0.5\snappy-java-1.0.5.jar;C:\Users\Egel\.m2\repository\org\apache\flink\flink-shaded-hadoop2\1.3.2\flink-shaded-hadoop2-1.3.2.jar;C:\Users\Egel\.m2\repository\org\tukaani\xz\1.0\xz-1.0.jar;C:\Users\Egel\.m2\repository\commons-cli\commons-cli\1.3.1\commons-cli-1.3.1.jar;C:\Users\Egel\.m2\repository\xmlenc\xmlenc\0.52\xmlenc-0.52.jar;C:\Users\Egel\.m2\repository\commons-codec\commons-codec\1.4\commons-codec-1.4.jar;C:\Users\Egel\.m2\repository\commons-io\commons-io\2.4\commons-io-2.4.jar;C:\Users\Egel\.m2\repository\commons-net\commons-net\3.1\commons-net-3.1.jar;C:\Users\Egel\.m2\repository\javax\servlet\servlet-api\2.5\servlet-api-2.5.jar;C:\Users\Egel\.m2\repository\org\mortbay\jetty\jetty-util\6.1.26\jetty-util-6.1.26.jar;C:\Users\Egel\.m2\repository\com\sun\jersey\jersey-core\1.9\jersey-core-1.9.jar;C:\Users\Egel\.m2\repository\commons-el\commons-el\1.0\commons-el-1.0.jar;C:\Users\Egel\.m2\repository\commons-logging\commons-logging\1.1.3\commons-logging-1.1.3.jar;C:\Users\Egel\.m2\repository\com\jamesmurty\utils\java-xmlbuilder\0.4\java-xmlbuilder-0.4.jar;C:\Users\Egel\.m2\repository\commons-lang\commons-lang\2.6\commons-lang-2.6.jar;C:\Users\Egel\.m2\repository\commons-configuration\commons-configuration\1.7\commons-configuration-1.7.jar;C:\Users\Egel\.m2\repository\commons-digester\commons-digester\1.8.1\commons-digester-1.8.1.jar;C:\Users\Egel\.m2\repository\org\codehaus\jackson\jackson-core-asl\1.8.8\jackson-core-asl-1.8.8.jar;C:\Users\Egel\.m2\repository\org\codehaus\jackson\jackson-mapper-asl\1.8.8\jackson-mapper-asl-1.8.8.jar;C:\Users\Egel\.m2\repository\com\jcraft\jsch\0.1.42\jsch-0.1.42.jar;C:\Users\Egel\.m2\repository\commons-beanutils\commons-beanutils-bean-collections\1.8.3\commons-beanutils-bean-collections-1.8.3.jar;C:\Users\Egel\.m2\repository\commons-daemon\commons-daemon\1.0.13\commons-daemon-1.0.13.jar;C:\Users\Egel\.m2\repository\javax\xml\bind\jaxb-api\2.2.2\jaxb-api-2.2.2.jar;C:\Users\Egel\.m2\repository\javax\xml\stream\stax-api\1.0-2\stax-api-1.0-2.jar;C:\Users\Egel\.m2\repository\javax\activation\activation\1.1\activation-1.1.jar;C:\Users\Egel\.m2\repository\org\apache\commons\commons-lang3\3.3.2\commons-lang3-3.3.2.jar;C:\Users\Egel\.m2\repository\org\slf4j\slf4j-api\1.7.7\slf4j-api-1.7.7.jar;C:\Users\Egel\.m2\repository\com\google\code\findbugs\jsr305\1.3.9\jsr305-1.3.9.jar;C:\Users\Egel\.m2\repository\org\apache\flink\force-shading\1.3.2\force-shading-1.3.2.jar;C:\Users\Egel\.m2\repository\org\apache\flink\flink-scala_2.10\1.3.2\flink-scala_2.10-1.3.2.jar;C:\Users\Egel\.m2\repository\org\scala-lang\scala-reflect\2.10.4\scala-reflect-2.10.4.jar;C:\Users\Egel\.m2\repository\org\scala-lang\scala-library\2.10.4\scala-library-2.10.4.jar;C:\Users\Egel\.m2\repository\org\scala-lang\scala-compiler\2.10.4\scala-compiler-2.10.4.jar;C:\Users\Egel\.m2\repository\org\scalamacros\quasiquotes_2.10\2.0.1\quasiquotes_2.10-2.0.1.jar;C:\Users\Egel\.m2\repository\org\apache\flink\flink-streaming-java_2.10\1.3.2\flink-streaming-java_2.10-1.3.2.jar;C:\Users\Egel\.m2\repository\org\apache\flink\flink-runtime_2.10\1.3.2\flink-runtime_2.10-1.3.2.jar;C:\Users\Egel\.m2\repository\io\netty\netty-all\4.0.27.Final\netty-all-4.0.27.Final.jar;C:\Users\Egel\.m2\repository\org\javassist\javassist\3.18.2-GA\javassist-3.18.2-GA.jar;C:\Users\Egel\.m2\repository\com\data-artisans\flakka-actor_2.10\2.3-custom\flakka-actor_2.10-2.3-custom.jar;C:\Users\Egel\.m2\repository\com\typesafe\config\1.2.1\config-1.2.1.jar;C:\Users\Egel\.m2\repository\com\data-artisans\flakka-remote_2.10\2.3-custom\flakka-remote_2.10-2.3-custom.jar;C:\Users\Egel\.m2\repository\com\google\protobuf\protobuf-java\2.5.0\protobuf-java-2.5.0.jar;C:\Users\Egel\.m2\repository\org\uncommons\maths\uncommons-maths\1.2.2a\uncommons-maths-1.2.2a.jar;C:\Users\Egel\.m2\repository\com\data-artisans\flakka-slf4j_2.10\2.3-custom\flakka-slf4j_2.10-2.3-custom.jar;C:\Users\Egel\.m2\repository\org\clapper\grizzled-slf4j_2.10\1.0.2\grizzled-slf4j_2.10-1.0.2.jar;C:\Users\Egel\.m2\repository\com\github\scopt\scopt_2.10\3.5.0\scopt_2.10-3.5.0.jar;C:\Users\Egel\.m2\repository\com\fasterxml\jackson\core\jackson-core\2.7.4\jackson-core-2.7.4.jar;C:\Users\Egel\.m2\repository\com\fasterxml\jackson\core\jackson-databind\2.7.4\jackson-databind-2.7.4.jar;C:\Users\Egel\.m2\repository\com\fasterxml\jackson\core\jackson-annotations\2.7.0\jackson-annotations-2.7.0.jar;C:\Users\Egel\.m2\repository\org\apache\zookeeper\zookeeper\3.4.6\zookeeper-3.4.6.jar;C:\Users\Egel\.m2\repository\jline\jline\0.9.94\jline-0.9.94.jar;C:\Users\Egel\.m2\repository\junit\junit\3.8.1\junit-3.8.1.jar;C:\Users\Egel\.m2\repository\com\twitter\chill_2.10\0.7.4\chill_2.10-0.7.4.jar;C:\Users\Egel\.m2\repository\com\twitter\chill-java\0.7.4\chill-java-0.7.4.jar;C:\Users\Egel\.m2\repository\org\apache\flink\flink-clients_2.10\1.3.2\flink-clients_2.10-1.3.2.jar;C:\Users\Egel\.m2\repository\org\apache\flink\flink-optimizer_2.10\1.3.2\flink-optimizer_2.10-1.3.2.jar;C:\Users\Egel\.m2\repository\org\apache\sling\org.apache.sling.commons.json\2.0.6\org.apache.sling.commons.json-2.0.6.jar;C:\Users\Egel\.m2\repository\org\apache\flink\flink-streaming-scala_2.10\1.3.2\flink-streaming-scala_2.10-1.3.2.jar;C:\Users\Egel\.m2\repository\org\apache\flink\flink-cep_2.10\1.3.2\flink-cep_2.10-1.3.2.jar;C:\Users\Egel\.m2\repository\org\apache\flink\flink-cep-scala_2.10\1.3.2\flink-cep-scala_2.10-1.3.2.jar;C:\Users\Egel\.m2\repository\org\apache\flink\flink-gelly_2.10\1.3.2\flink-gelly_2.10-1.3.2.jar;C:\Users\Egel\.m2\repository\org\apache\flink\flink-table_2.10\1.3.2\flink-table_2.10-1.3.2.jar;C:\Users\Egel\.m2\repository\org\apache\flink\flink-gelly-scala_2.10\1.3.2\flink-gelly-scala_2.10-1.3.2.jar;C:\Users\Egel\.m2\repository\org\apache\flink\flink-gelly-examples_2.10\1.3.2\flink-gelly-examples_2.10-1.3.2.jar;C:\Users\Egel\.m2\repository\org\slf4j\slf4j-log4j12\1.7.7\slf4j-log4j12-1.7.7.jar;C:\Users\Egel\.m2\repository\log4j\log4j\1.2.17\log4j-1.2.17.jar;C:\Users\Egel\.m2\repository\org\apache\flink\flink-connector-kafka-0.10_2.10\1.3.2\flink-connector-kafka-0.10_2.10-1.3.2.jar;C:\Users\Egel\.m2\repository\org\apache\flink\flink-connector-kafka-0.9_2.10\1.3.2\flink-connector-kafka-0.9_2.10-1.3.2.jar;C:\Users\Egel\.m2\repository\org\apache\flink\flink-connector-kafka-base_2.10\1.3.2\flink-connector-kafka-base_2.10-1.3.2.jar;C:\Users\Egel\.m2\repository\org\apache\kafka\kafka-clients\0.10.2.1\kafka-clients-0.10.2.1.jar;C:\Users\Egel\.m2\repository\net\jpountz\lz4\lz4\1.3.0\lz4-1.3.0.jar;C:\Users\Egel\.m2\repository\org\apache\flink\flink-connector-elasticsearch2_2.10\1.3.2\flink-connector-elasticsearch2_2.10-1.3.2.jar;C:\Users\Egel\.m2\repository\org\apache\flink\flink-connector-elasticsearch-base_2.10\1.3.2\flink-connector-elasticsearch-base_2.10-1.3.2.jar;C:\Users\Egel\.m2\repository\org\elasticsearch\elasticsearch\2.3.5\elasticsearch-2.3.5.jar;C:\Users\Egel\.m2\repository\org\apache\lucene\lucene-core\5.5.0\lucene-core-5.5.0.jar;C:\Users\Egel\.m2\repository\org\apache\lucene\lucene-backward-codecs\5.5.0\lucene-backward-codecs-5.5.0.jar;C:\Users\Egel\.m2\repository\org\apache\lucene\lucene-analyzers-common\5.5.0\lucene-analyzers-common-5.5.0.jar;C:\Users\Egel\.m2\repository\org\apache\lucene\lucene-queries\5.5.0\lucene-queries-5.5.0.jar;C:\Users\Egel\.m2\repository\org\apache\lucene\lucene-memory\5.5.0\lucene-memory-5.5.0.jar;C:\Users\Egel\.m2\repository\org\apache\lucene\lucene-highlighter\5.5.0\lucene-highlighter-5.5.0.jar;C:\Users\Egel\.m2\repository\org\apache\lucene\lucene-queryparser\5.5.0\lucene-queryparser-5.5.0.jar;C:\Users\Egel\.m2\repository\org\apache\lucene\lucene-sandbox\5.5.0\lucene-sandbox-5.5.0.jar;C:\Users\Egel\.m2\repository\org\apache\lucene\lucene-suggest\5.5.0\lucene-suggest-5.5.0.jar;C:\Users\Egel\.m2\repository\org\apache\lucene\lucene-misc\5.5.0\lucene-misc-5.5.0.jar;C:\Users\Egel\.m2\repository\org\apache\lucene\lucene-join\5.5.0\lucene-join-5.5.0.jar;C:\Users\Egel\.m2\repository\org\apache\lucene\lucene-grouping\5.5.0\lucene-grouping-5.5.0.jar;C:\Users\Egel\.m2\repository\org\apache\lucene\lucene-spatial\5.5.0\lucene-spatial-5.5.0.jar;C:\Users\Egel\.m2\repository\org\apache\lucene\lucene-spatial3d\5.5.0\lucene-spatial3d-5.5.0.jar;C:\Users\Egel\.m2\repository\com\spatial4j\spatial4j\0.5\spatial4j-0.5.jar;C:\Users\Egel\.m2\repository\org\elasticsearch\securesm\1.0\securesm-1.0.jar;C:\Users\Egel\.m2\repository\com\carrotsearch\hppc\0.7.1\hppc-0.7.1.jar;C:\Users\Egel\.m2\repository\org\joda\joda-convert\1.2\joda-convert-1.2.jar;C:\Users\Egel\.m2\repository\com\fasterxml\jackson\dataformat\jackson-dataformat-smile\2.6.6\jackson-dataformat-smile-2.6.6.jar;C:\Users\Egel\.m2\repository\com\fasterxml\jackson\dataformat\jackson-dataformat-yaml\2.6.6\jackson-dataformat-yaml-2.6.6.jar;C:\Users\Egel\.m2\repository\org\yaml\snakeyaml\1.15\snakeyaml-1.15.jar;C:\Users\Egel\.m2\repository\com\fasterxml\jackson\dataformat\jackson-dataformat-cbor\2.6.6\jackson-dataformat-cbor-2.6.6.jar;C:\Users\Egel\.m2\repository\io\netty\netty\3.10.5.Final\netty-3.10.5.Final.jar;C:\Users\Egel\.m2\repository\com\ning\compress-lzf\1.0.2\compress-lzf-1.0.2.jar;C:\Users\Egel\.m2\repository\com\tdunning\t-digest\3.0\t-digest-3.0.jar;C:\Users\Egel\.m2\repository\org\hdrhistogram\HdrHistogram\2.1.6\HdrHistogram-2.1.6.jar;C:\Users\Egel\.m2\repository\com\twitter\jsr166e\1.1.0\jsr166e-1.1.0.jar;C:\Users\Egel\.m2\repository\joda-time\joda-time\2.7\joda-time-2.7.jar;C:\Users\Egel\.m2\repository\org\apache\commons\commons-math3\3.5\commons-math3-3.5.jar;C:\Users\Egel\.m2\repository\org\influxdb\influxdb-java\2.3\influxdb-java-2.3.jar;C:\Users\Egel\.m2\repository\com\google\guava\guava\19.0\guava-19.0.jar;C:\Users\Egel\.m2\repository\com\squareup\retrofit\retrofit\1.9.0\retrofit-1.9.0.jar;C:\Users\Egel\.m2\repository\com\google\code\gson\gson\2.3.1\gson-2.3.1.jar;C:\Users\Egel\.m2\repository\com\squareup\okhttp\okhttp\2.7.5\okhttp-2.7.5.jar;C:\Users\Egel\.m2\repository\com\squareup\okio\okio\1.6.0\okio-1.6.0.jar;"/>
    <property name="sun.cpu.endian" value="little"/>
    <property name="user.home" value="C:\Users\Egel"/>
    <property name="user.language" value="nl"/>
    <property name="java.specification.vendor" value="Oracle Corporation"/>
    <property name="java.home" value="C:\Program Files\Java\jdk1.8.0_171\jre"/>
    <property name="basedir" value="C:\Users\Egel\Documents\Repositories\Trackscape"/>
    <property name="file.separator" value="\"/>
    <property name="line.separator" value="&#10;"/>
    <property name="java.vm.specification.vendor" value="Oracle Corporation"/>
    <property name="java.specification.name" value="Java Platform API Specification"/>
    <property name="java.awt.graphicsenv" value="sun.awt.Win32GraphicsEnvironment"/>
    <property name="surefire.real.class.path" value="C:\Users\Egel\AppData\Local\Temp\surefire2139944282732065557\surefirebooter511998906459211430.jar"/>
    <property name="sun.boot.class.path" value="C:\Program Files\Java\jdk1.8.0_171\jre\lib\resources.jar;C:\Program Files\Java\jdk1.8.0_171\jre\lib\rt.jar;C:\Program Files\Java\jdk1.8.0_171\jre\lib\sunrsasign.jar;C:\Program Files\Java\jdk1.8.0_171\jre\lib\jsse.jar;C:\Program Files\Java\jdk1.8.0_171\jre\lib\jce.jar;C:\Program Files\Java\jdk1.8.0_171\jre\lib\charsets.jar;C:\Program Files\Java\jdk1.8.0_171\jre\lib\jfr.jar;C:\Program Files\Java\jdk1.8.0_171\jre\classes"/>
    <property name="user.script" value=""/>
    <property name="sun.management.compiler" value="HotSpot 64-Bit Tiered Compilers"/>
    <property name="java.runtime.version" value="1.8.0_171-b11"/>
    <property name="user.name" value="Egel"/>
    <property name="path.separator" value=";"/>
    <property name="os.version" value="10.0"/>
    <property name="java.endorsed.dirs" value="C:\Program Files\Java\jdk1.8.0_171\jre\lib\endorsed"/>
    <property name="java.runtime.name" value="Java(TM) SE Runtime Environment"/>
    <property name="file.encoding" value="Cp1252"/>
    <property name="java.vm.name" value="Java HotSpot(TM) 64-Bit Server VM"/>
    <property name="localRepository" value="C:\Users\Egel\.m2\repository"/>
    <property name="java.vendor.url.bug" value="http://bugreport.sun.com/bugreport/"/>
    <property name="java.io.tmpdir" value="C:\Users\Egel\AppData\Local\Temp\"/>
    <property name="idea.version" value="2017.2.7"/>
    <property name="java.version" value="1.8.0_171"/>
    <property name="user.dir" value="C:\Users\Egel\Documents\Repositories\Trackscape"/>
    <property name="os.arch" value="amd64"/>
    <property name="java.vm.specification.name" value="Java Virtual Machine Specification"/>
    <property name="java.awt.printerjob" value="sun.awt.windows.WPrinterJob"/>
    <property name="sun.os.patch.level" value=""/>
    <property name="java.library.path" value="C:\Program Files\Java\jdk1.8.0_171\jre\bin;C:\WINDOWS\Sun\Java\bin;C:\WINDOWS\system32;C:\WINDOWS;C:\Program Files (x86)\Common Files\Oracle\Java\javapath;C:\ProgramData\Oracle\Java\javapath;C:\Program Files (x86)\Intel\iCLS Client\;C:\Program Files\Intel\iCLS Client\;C:\WINDOWS\system32;C:\WINDOWS;C:\WINDOWS\System32\Wbem;C:\WINDOWS\System32\WindowsPowerShell\v1.0\;C:\Program Files (x86)\Intel\Intel(R) Management Engine Components\DAL;C:\Program Files\Intel\Intel(R) Management Engine Components\DAL;C:\Program Files (x86)\Intel\Intel(R) Management Engine Components\IPT;C:\Program Files\Intel\Intel(R) Management Engine Components\IPT;C:\Program Files\MATLAB\R2017b\bin;C:\Program Files (x86)\QuickTime\QTSystem\;C:\Users\Egel\Documents\apache-maven-3.5.2\bin;C:\Program Files\Git\cmd;C:\WINDOWS\System32\OpenSSH\;C:\Users\Egel\AppData\Local\Microsoft\WindowsApps;;."/>
    <property name="java.vm.info" value="mixed mode"/>
    <property name="java.vendor" value="Oracle Corporation"/>
    <property name="java.vm.version" value="25.171-b11"/>
    <property name="java.ext.dirs" value="C:\Program Files\Java\jdk1.8.0_171\jre\lib\ext;C:\WINDOWS\Sun\Java\lib\ext"/>
    <property name="sun.io.unicode.encoding" value="UnicodeLittle"/>
    <property name="java.class.version" value="52.0"/>
  </properties>
  <testcase name="addCameraTest" classname="CameraHandlerTest" time="0.016"/>
  <testcase name="getNewFrameTest" classname="CameraHandlerTest" time="0.016"/>
  <testcase name="addNullCameraTest" classname="CameraHandlerTest" time="0.015"/>
  <testcase name="clearListTest" classname="CameraHandlerTest" time="0.016"/>
  <testcase name="getCameraTest" classname="CameraHandlerTest" time="0.031"/>
</testsuite>